1231 [background-preinit] INFO  o.h.validator.internal.util.Version
                Ц HV000001: Hibernate Validator 8.0.1.Final
1276 [main] INFO  edu.mareanexx.Pract19Application
                Ц Starting Pract19Application using Java 17.0.8 with PID 17428 (C:\Users\79815\OneDrive\–абочий стол\ѕрограммна€ инженери€\4 семестр\Ўаблоны программных платформ €зыка ƒжава\JavaPatternMirea\src\practice19\build\classes\java\main started by 79815 in C:\Users\79815\OneDrive\–абочий стол\ѕрограммна€ инженери€\4 семестр\Ўаблоны программных платформ €зыка ƒжава\JavaPatternMirea\src\practice19)
1277 [main] INFO  edu.mareanexx.Pract19Application
                Ц No active profile set, falling back to 1 default profile: "default"
2104 [main] INFO  o.s.d.r.c.RepositoryConfigurationDelegate
                Ц Multiple Spring Data modules found, entering strict repository configuration mode
2106 [main] INFO  o.s.d.r.c.RepositoryConfigurationDelegate
                Ц Bootstrapping Spring Data JDBC repositories in DEFAULT mode.
2137 [main] INFO  o.s.d.r.c.RepositoryConfigurationExtensionSupport
                Ц Spring Data JDBC - Could not safely identify store assignment for repository candidate interface edu.mareanexx.repositories.DepartureRepository; If you want this repository to be a JDBC repository, consider annotating your entities with one of these annotations: org.springframework.data.relational.core.mapping.Table.
2139 [main] INFO  o.s.d.r.c.RepositoryConfigurationExtensionSupport
                Ц Spring Data JDBC - Could not safely identify store assignment for repository candidate interface edu.mareanexx.repositories.PostOfficeRepository; If you want this repository to be a JDBC repository, consider annotating your entities with one of these annotations: org.springframework.data.relational.core.mapping.Table.
2139 [main] INFO  o.s.d.r.c.RepositoryConfigurationDelegate
                Ц Finished Spring Data repository scanning in 29 ms. Found 0 JDBC repository interfaces.
2149 [main] INFO  o.s.d.r.c.RepositoryConfigurationDelegate
                Ц Multiple Spring Data modules found, entering strict repository configuration mode
2151 [main] INFO  o.s.d.r.c.RepositoryConfigurationDelegate
                Ц Bootstrapping Spring Data JPA repositories in DEFAULT mode.
2183 [main] INFO  o.s.d.r.c.RepositoryConfigurationDelegate
                Ц Finished Spring Data repository scanning in 27 ms. Found 2 JPA repository interfaces.
2738 [main] INFO  o.s.b.w.e.tomcat.TomcatWebServer
                Ц Tomcat initialized with port 8080 (http)
2745 [main] INFO  o.a.coyote.http11.Http11NioProtocol
                Ц Initializing ProtocolHandler ["http-nio-8080"]
2747 [main] INFO  o.a.catalina.core.StandardService
                Ц Starting service [Tomcat]
2747 [main] INFO  o.a.catalina.core.StandardEngine
                Ц Starting Servlet engine: [Apache Tomcat/10.1.19]
2791 [main] INFO  o.a.c.c.C.[Tomcat].[localhost].[/]
                Ц Initializing Spring embedded WebApplicationContext
2791 [main] INFO  o.s.b.w.s.c.ServletWebServerApplicationContext
                Ц Root WebApplicationContext: initialization completed in 1470 ms
2995 [main] INFO  o.h.jpa.internal.util.LogHelper
                Ц HHH000204: Processing PersistenceUnitInfo [name: default]
3042 [main] INFO  org.hibernate.Version
                Ц HHH000412: Hibernate ORM core version 6.3.1.Final
3069 [main] INFO  o.h.c.i.RegionFactoryInitiator
                Ц HHH000026: Second-level cache disabled
3256 [main] INFO  o.s.o.j.p.SpringPersistenceUnitInfo
                Ц No LoadTimeWeaver setup: ignoring JPA class transformer
3276 [main] INFO  com.zaxxer.hikari.HikariDataSource
                Ц HikariPool-1 - Starting...
3492 [main] INFO  com.zaxxer.hikari.pool.HikariPool
                Ц HikariPool-1 - Added connection com.mysql.cj.jdbc.ConnectionImpl@17c34e62
3494 [main] INFO  com.zaxxer.hikari.HikariDataSource
                Ц HikariPool-1 - Start completed.
4250 [main] INFO  o.h.e.t.j.p.i.JtaPlatformInitiator
                Ц HHH000489: No JTA platform available (set 'hibernate.transaction.jta.platform' to enable JTA platform integration)
4298 [main] INFO  o.s.o.j.LocalContainerEntityManagerFactoryBean
                Ц Initialized JPA EntityManagerFactory for persistence unit 'default'
4560 [main] WARN  o.s.b.a.o.j.JpaBaseConfiguration$JpaWebConfiguration
                Ц spring.jpa.open-in-view is enabled by default. Therefore, database queries may be performed during view rendering. Explicitly configure spring.jpa.open-in-view to disable this warning
4795 [main] WARN  o.s.b.a.t.ThymeleafAutoConfiguration$DefaultTemplateResolverConfiguration
                Ц Cannot find template location: classpath:/templates/ (please add some templates, check your Thymeleaf configuration, or set spring.thymeleaf.check-template-location=false)
5133 [main] INFO  o.s.b.a.e.web.EndpointLinksResolver
                Ц Exposing 1 endpoint(s) beneath base path '/actuator'
5180 [main] INFO  o.a.coyote.http11.Http11NioProtocol
                Ц Starting ProtocolHandler ["http-nio-8080"]
5193 [main] INFO  o.s.b.w.e.tomcat.TomcatWebServer
                Ц Tomcat started on port 8080 (http) with context path ''
5204 [main] INFO  edu.mareanexx.Pract19Application
                Ц Started Pract19Application in 4.734 seconds (process running for 5.789)
5484 [RMI TCP Connection(4)-26.229.68.153] INFO  o.a.c.c.C.[Tomcat].[localhost].[/]
                Ц Initializing Spring DispatcherServlet 'dispatcherServlet'
5485 [RMI TCP Connection(4)-26.229.68.153] INFO  o.s.web.servlet.DispatcherServlet
                Ц Initializing Servlet 'dispatcherServlet'
5486 [RMI TCP Connection(4)-26.229.68.153] INFO  o.s.web.servlet.DispatcherServlet
                Ц Completed initialization in 0 ms
18236 [http-nio-8080-exec-2] INFO  e.m.services.PostOfficeService
                Ц Get all post offices: Start
25380 [SpringApplicationShutdownHook] INFO  o.s.o.j.LocalContainerEntityManagerFactoryBean
                Ц Closing JPA EntityManagerFactory for persistence unit 'default'
25382 [SpringApplicationShutdownHook] INFO  com.zaxxer.hikari.HikariDataSource
                Ц HikariPool-1 - Shutdown initiated...
25391 [SpringApplicationShutdownHook] INFO  com.zaxxer.hikari.HikariDataSource
                Ц HikariPool-1 - Shutdown completed.
