1127 [background-preinit] INFO  o.h.validator.internal.util.Version
                Ц HV000001: Hibernate Validator 8.0.1.Final
1294 [main] INFO  edu.mareanexx.Pract22Application
                Ц Starting Pract22Application using Java 17.0.8 with PID 11812 (C:\Users\79815\OneDrive\–абочий стол\ѕрограммна€ инженери€\4 семестр\Ўаблоны программных платформ €зыка ƒжава\JavaPatternMirea\src\practice22\build\classes\java\main started by 79815 in C:\Users\79815\OneDrive\–абочий стол\ѕрограммна€ инженери€\4 семестр\Ўаблоны программных платформ €зыка ƒжава\JavaPatternMirea\src\practice22)
1296 [main] INFO  edu.mareanexx.Pract22Application
                Ц No active profile set, falling back to 1 default profile: "default"
2543 [main] INFO  o.s.d.r.c.RepositoryConfigurationDelegate
                Ц Multiple Spring Data modules found, entering strict repository configuration mode
2544 [main] INFO  o.s.d.r.c.RepositoryConfigurationDelegate
                Ц Bootstrapping Spring Data JDBC repositories in DEFAULT mode.
2566 [main] INFO  o.s.d.r.c.RepositoryConfigurationExtensionSupport
                Ц Spring Data JDBC - Could not safely identify store assignment for repository candidate interface edu.mareanexx.repositories.DepartureRepository; If you want this repository to be a JDBC repository, consider annotating your entities with one of these annotations: org.springframework.data.relational.core.mapping.Table.
2566 [main] INFO  o.s.d.r.c.RepositoryConfigurationExtensionSupport
                Ц Spring Data JDBC - Could not safely identify store assignment for repository candidate interface edu.mareanexx.repositories.PostOfficeRepository; If you want this repository to be a JDBC repository, consider annotating your entities with one of these annotations: org.springframework.data.relational.core.mapping.Table.
2567 [main] INFO  o.s.d.r.c.RepositoryConfigurationDelegate
                Ц Finished Spring Data repository scanning in 19 ms. Found 0 JDBC repository interfaces.
2572 [main] INFO  o.s.d.r.c.RepositoryConfigurationDelegate
                Ц Multiple Spring Data modules found, entering strict repository configuration mode
2573 [main] INFO  o.s.d.r.c.RepositoryConfigurationDelegate
                Ц Bootstrapping Spring Data JPA repositories in DEFAULT mode.
2591 [main] INFO  o.s.d.r.c.RepositoryConfigurationDelegate
                Ц Finished Spring Data repository scanning in 15 ms. Found 2 JPA repository interfaces.
3093 [main] INFO  o.s.b.w.e.tomcat.TomcatWebServer
                Ц Tomcat initialized with port 8080 (http)
3100 [main] INFO  o.a.coyote.http11.Http11NioProtocol
                Ц Initializing ProtocolHandler ["http-nio-8080"]
3101 [main] INFO  o.a.catalina.core.StandardService
                Ц Starting service [Tomcat]
3102 [main] INFO  o.a.catalina.core.StandardEngine
                Ц Starting Servlet engine: [Apache Tomcat/10.1.19]
3152 [main] INFO  o.a.c.c.C.[Tomcat].[localhost].[/]
                Ц Initializing Spring embedded WebApplicationContext
3152 [main] INFO  o.s.b.w.s.c.ServletWebServerApplicationContext
                Ц Root WebApplicationContext: initialization completed in 1688 ms
3352 [main] INFO  o.h.jpa.internal.util.LogHelper
                Ц HHH000204: Processing PersistenceUnitInfo [name: default]
3396 [main] INFO  org.hibernate.Version
                Ц HHH000412: Hibernate ORM core version 6.3.1.Final
3425 [main] INFO  o.h.c.i.RegionFactoryInitiator
                Ц HHH000026: Second-level cache disabled
3605 [main] INFO  o.s.o.j.p.SpringPersistenceUnitInfo
                Ц No LoadTimeWeaver setup: ignoring JPA class transformer
3625 [main] INFO  com.zaxxer.hikari.HikariDataSource
                Ц HikariPool-1 - Starting...
3861 [main] INFO  com.zaxxer.hikari.pool.HikariPool
                Ц HikariPool-1 - Added connection com.mysql.cj.jdbc.ConnectionImpl@6ef61cd0
3862 [main] INFO  com.zaxxer.hikari.HikariDataSource
                Ц HikariPool-1 - Start completed.
4630 [main] INFO  o.h.e.t.j.p.i.JtaPlatformInitiator
                Ц HHH000489: No JTA platform available (set 'hibernate.transaction.jta.platform' to enable JTA platform integration)
4694 [main] INFO  o.s.o.j.LocalContainerEntityManagerFactoryBean
                Ц Initialized JPA EntityManagerFactory for persistence unit 'default'
5425 [main] WARN  o.s.b.a.o.j.JpaBaseConfiguration$JpaWebConfiguration
                Ц spring.jpa.open-in-view is enabled by default. Therefore, database queries may be performed during view rendering. Explicitly configure spring.jpa.open-in-view to disable this warning
5950 [main] WARN  o.s.b.a.t.ThymeleafAutoConfiguration$DefaultTemplateResolverConfiguration
                Ц Cannot find template location: classpath:/templates/ (please add some templates, check your Thymeleaf configuration, or set spring.thymeleaf.check-template-location=false)
6348 [main] INFO  o.s.b.a.e.web.EndpointLinksResolver
                Ц Exposing 1 endpoint(s) beneath base path '/actuator'
6393 [main] INFO  o.a.coyote.http11.Http11NioProtocol
                Ц Starting ProtocolHandler ["http-nio-8080"]
6407 [main] INFO  o.s.b.w.e.tomcat.TomcatWebServer
                Ц Tomcat started on port 8080 (http) with context path ''
6418 [main] INFO  edu.mareanexx.Pract22Application
                Ц Started Pract22Application in 5.994 seconds (process running for 6.942)
6627 [RMI TCP Connection(8)-26.229.68.153] INFO  o.a.c.c.C.[Tomcat].[localhost].[/]
                Ц Initializing Spring DispatcherServlet 'dispatcherServlet'
6627 [RMI TCP Connection(8)-26.229.68.153] INFO  o.s.web.servlet.DispatcherServlet
                Ц Initializing Servlet 'dispatcherServlet'
6628 [RMI TCP Connection(8)-26.229.68.153] INFO  o.s.web.servlet.DispatcherServlet
                Ц Completed initialization in 1 ms
37405 [SpringApplicationShutdownHook] INFO  o.s.o.j.LocalContainerEntityManagerFactoryBean
                Ц Closing JPA EntityManagerFactory for persistence unit 'default'
37408 [SpringApplicationShutdownHook] INFO  com.zaxxer.hikari.HikariDataSource
                Ц HikariPool-1 - Shutdown initiated...
37416 [SpringApplicationShutdownHook] INFO  com.zaxxer.hikari.HikariDataSource
                Ц HikariPool-1 - Shutdown completed.
420  [background-preinit] INFO  o.h.validator.internal.util.Version
                Ц HV000001: Hibernate Validator 8.0.1.Final
455  [main] INFO  edu.mareanexx.Pract22Application
                Ц Starting Pract22Application using Java 17.0.8 with PID 2548 (C:\Users\79815\OneDrive\–абочий стол\ѕрограммна€ инженери€\4 семестр\Ўаблоны программных платформ €зыка ƒжава\JavaPatternMirea\src\practice22\build\classes\java\main started by 79815 in C:\Users\79815\OneDrive\–абочий стол\ѕрограммна€ инженери€\4 семестр\Ўаблоны программных платформ €зыка ƒжава\JavaPatternMirea\src\practice22)
456  [main] INFO  edu.mareanexx.Pract22Application
                Ц No active profile set, falling back to 1 default profile: "default"
1207 [main] INFO  o.s.d.r.c.RepositoryConfigurationDelegate
                Ц Multiple Spring Data modules found, entering strict repository configuration mode
1208 [main] INFO  o.s.d.r.c.RepositoryConfigurationDelegate
                Ц Bootstrapping Spring Data JDBC repositories in DEFAULT mode.
1230 [main] INFO  o.s.d.r.c.RepositoryConfigurationExtensionSupport
                Ц Spring Data JDBC - Could not safely identify store assignment for repository candidate interface edu.mareanexx.repositories.DepartureRepository; If you want this repository to be a JDBC repository, consider annotating your entities with one of these annotations: org.springframework.data.relational.core.mapping.Table.
1231 [main] INFO  o.s.d.r.c.RepositoryConfigurationExtensionSupport
                Ц Spring Data JDBC - Could not safely identify store assignment for repository candidate interface edu.mareanexx.repositories.PostOfficeRepository; If you want this repository to be a JDBC repository, consider annotating your entities with one of these annotations: org.springframework.data.relational.core.mapping.Table.
1231 [main] INFO  o.s.d.r.c.RepositoryConfigurationDelegate
                Ц Finished Spring Data repository scanning in 19 ms. Found 0 JDBC repository interfaces.
1237 [main] INFO  o.s.d.r.c.RepositoryConfigurationDelegate
                Ц Multiple Spring Data modules found, entering strict repository configuration mode
1237 [main] INFO  o.s.d.r.c.RepositoryConfigurationDelegate
                Ц Bootstrapping Spring Data JPA repositories in DEFAULT mode.
1256 [main] INFO  o.s.d.r.c.RepositoryConfigurationDelegate
                Ц Finished Spring Data repository scanning in 15 ms. Found 2 JPA repository interfaces.
1819 [main] INFO  o.s.b.w.e.tomcat.TomcatWebServer
                Ц Tomcat initialized with port 8080 (http)
1827 [main] INFO  o.a.coyote.http11.Http11NioProtocol
                Ц Initializing ProtocolHandler ["http-nio-8080"]
1828 [main] INFO  o.a.catalina.core.StandardService
                Ц Starting service [Tomcat]
1828 [main] INFO  o.a.catalina.core.StandardEngine
                Ц Starting Servlet engine: [Apache Tomcat/10.1.19]
1872 [main] INFO  o.a.c.c.C.[Tomcat].[localhost].[/]
                Ц Initializing Spring embedded WebApplicationContext
1872 [main] INFO  o.s.b.w.s.c.ServletWebServerApplicationContext
                Ц Root WebApplicationContext: initialization completed in 1378 ms
2129 [main] INFO  o.h.jpa.internal.util.LogHelper
                Ц HHH000204: Processing PersistenceUnitInfo [name: default]
2173 [main] INFO  org.hibernate.Version
                Ц HHH000412: Hibernate ORM core version 6.3.1.Final
2201 [main] INFO  o.h.c.i.RegionFactoryInitiator
                Ц HHH000026: Second-level cache disabled
2397 [main] INFO  o.s.o.j.p.SpringPersistenceUnitInfo
                Ц No LoadTimeWeaver setup: ignoring JPA class transformer
2419 [main] INFO  com.zaxxer.hikari.HikariDataSource
                Ц HikariPool-1 - Starting...
2651 [main] INFO  com.zaxxer.hikari.pool.HikariPool
                Ц HikariPool-1 - Added connection com.mysql.cj.jdbc.ConnectionImpl@31c0c7e5
2653 [main] INFO  com.zaxxer.hikari.HikariDataSource
                Ц HikariPool-1 - Start completed.
3386 [main] INFO  o.h.e.t.j.p.i.JtaPlatformInitiator
                Ц HHH000489: No JTA platform available (set 'hibernate.transaction.jta.platform' to enable JTA platform integration)
3452 [main] INFO  o.s.o.j.LocalContainerEntityManagerFactoryBean
                Ц Initialized JPA EntityManagerFactory for persistence unit 'default'
3751 [main] WARN  o.s.b.a.o.j.JpaBaseConfiguration$JpaWebConfiguration
                Ц spring.jpa.open-in-view is enabled by default. Therefore, database queries may be performed during view rendering. Explicitly configure spring.jpa.open-in-view to disable this warning
4007 [main] WARN  o.s.b.a.t.ThymeleafAutoConfiguration$DefaultTemplateResolverConfiguration
                Ц Cannot find template location: classpath:/templates/ (please add some templates, check your Thymeleaf configuration, or set spring.thymeleaf.check-template-location=false)
4371 [main] INFO  o.s.b.a.e.web.EndpointLinksResolver
                Ц Exposing 1 endpoint(s) beneath base path '/actuator'
4420 [main] INFO  o.a.coyote.http11.Http11NioProtocol
                Ц Starting ProtocolHandler ["http-nio-8080"]
4434 [main] INFO  o.s.b.w.e.tomcat.TomcatWebServer
                Ц Tomcat started on port 8080 (http) with context path ''
4446 [main] INFO  edu.mareanexx.Pract22Application
                Ц Started Pract22Application in 4.234 seconds (process running for 4.788)
4455 [task-1] INFO  edu.mareanexx.aspect.Aspect
                Ц Parameters: {}
4456 [task-1] ERROR e.m.services.SchedulerService
                Ц Failed to backup Postoffices
java.io.FileNotFoundException: src\main\resources\backup\postoffices.txt (—истеме не удаетс€ найти указанный путь)
	at java.base/java.io.FileOutputStream.open0(Native Method)
	at java.base/java.io.FileOutputStream.open(FileOutputStream.java:293)
	at java.base/java.io.FileOutputStream.<init>(FileOutputStream.java:235)
	at java.base/java.io.FileOutputStream.<init>(FileOutputStream.java:184)
	at java.base/java.io.PrintWriter.<init>(PrintWriter.java:208)
	at java.base/java.io.PrintWriter.<init>(PrintWriter.java:278)
	at edu.mareanexx.services.SchedulerService.backupPostOffices(SchedulerService.java:51)
	at edu.mareanexx.services.SchedulerService.backup(SchedulerService.java:33)
	at java.base/jdk.internal.reflect.NativeMethodAccessorImpl.invoke0(Native Method)
	at java.base/jdk.internal.reflect.NativeMethodAccessorImpl.invoke(NativeMethodAccessorImpl.java:77)
	at java.base/jdk.internal.reflect.DelegatingMethodAccessorImpl.invoke(DelegatingMethodAccessorImpl.java:43)
	at java.base/java.lang.reflect.Method.invoke(Method.java:568)
	at org.springframework.aop.support.AopUtils.invokeJoinpointUsingReflection(AopUtils.java:351)
	at org.springframework.aop.framework.ReflectiveMethodInvocation.invokeJoinpoint(ReflectiveMethodInvocation.java:196)
	at org.springframework.aop.framework.ReflectiveMethodInvocation.proceed(ReflectiveMethodInvocation.java:163)
	at org.springframework.aop.framework.CglibAopProxy$CglibMethodInvocation.proceed(CglibAopProxy.java:765)
	at org.springframework.aop.aspectj.AspectJAfterAdvice.invoke(AspectJAfterAdvice.java:49)
	at org.springframework.aop.framework.ReflectiveMethodInvocation.proceed(ReflectiveMethodInvocation.java:184)
	at org.springframework.aop.framework.CglibAopProxy$CglibMethodInvocation.proceed(CglibAopProxy.java:765)
	at org.springframework.aop.framework.adapter.MethodBeforeAdviceInterceptor.invoke(MethodBeforeAdviceInterceptor.java:58)
	at org.springframework.aop.framework.ReflectiveMethodInvocation.proceed(ReflectiveMethodInvocation.java:184)
	at org.springframework.aop.framework.CglibAopProxy$CglibMethodInvocation.proceed(CglibAopProxy.java:765)
	at org.springframework.aop.aspectj.MethodInvocationProceedingJoinPoint.proceed(MethodInvocationProceedingJoinPoint.java:89)
	at edu.mareanexx.aspect.Aspect.logExecutionTime(Aspect.java:33)
	at java.base/jdk.internal.reflect.NativeMethodAccessorImpl.invoke0(Native Method)
	at java.base/jdk.internal.reflect.NativeMethodAccessorImpl.invoke(NativeMethodAccessorImpl.java:77)
	at java.base/jdk.internal.reflect.DelegatingMethodAccessorImpl.invoke(DelegatingMethodAccessorImpl.java:43)
	at java.base/java.lang.reflect.Method.invoke(Method.java:568)
	at org.springframework.aop.aspectj.AbstractAspectJAdvice.invokeAdviceMethodWithGivenArgs(AbstractAspectJAdvice.java:637)
	at org.springframework.aop.aspectj.AbstractAspectJAdvice.invokeAdviceMethod(AbstractAspectJAdvice.java:627)
	at org.springframework.aop.aspectj.AspectJAroundAdvice.invoke(AspectJAroundAdvice.java:71)
	at org.springframework.aop.framework.ReflectiveMethodInvocation.proceed(ReflectiveMethodInvocation.java:184)
	at org.springframework.aop.framework.CglibAopProxy$CglibMethodInvocation.proceed(CglibAopProxy.java:765)
	at org.springframework.aop.interceptor.ExposeInvocationInterceptor.invoke(ExposeInvocationInterceptor.java:97)
	at org.springframework.aop.framework.ReflectiveMethodInvocation.proceed(ReflectiveMethodInvocation.java:184)
	at org.springframework.aop.framework.CglibAopProxy$CglibMethodInvocation.proceed(CglibAopProxy.java:765)
	at org.springframework.aop.interceptor.AsyncExecutionInterceptor.lambda$invoke$0(AsyncExecutionInterceptor.java:113)
	at java.base/java.util.concurrent.FutureTask.run(FutureTask.java:264)
	at java.base/java.util.concurrent.ThreadPoolExecutor.runWorker(ThreadPoolExecutor.java:1136)
	at java.base/java.util.concurrent.ThreadPoolExecutor$Worker.run(ThreadPoolExecutor.java:635)
	at java.base/java.lang.Thread.run(Thread.java:833)
4458 [task-1] ERROR e.m.services.SchedulerService
                Ц Failed to backup Departure
java.io.FileNotFoundException: src\main\resources\backup\departures.txt (—истеме не удаетс€ найти указанный путь)
	at java.base/java.io.FileOutputStream.open0(Native Method)
	at java.base/java.io.FileOutputStream.open(FileOutputStream.java:293)
	at java.base/java.io.FileOutputStream.<init>(FileOutputStream.java:235)
	at java.base/java.io.FileOutputStream.<init>(FileOutputStream.java:184)
	at java.base/java.io.PrintWriter.<init>(PrintWriter.java:208)
	at java.base/java.io.PrintWriter.<init>(PrintWriter.java:278)
	at edu.mareanexx.services.SchedulerService.backupDepartures(SchedulerService.java:74)
	at edu.mareanexx.services.SchedulerService.backup(SchedulerService.java:34)
	at java.base/jdk.internal.reflect.NativeMethodAccessorImpl.invoke0(Native Method)
	at java.base/jdk.internal.reflect.NativeMethodAccessorImpl.invoke(NativeMethodAccessorImpl.java:77)
	at java.base/jdk.internal.reflect.DelegatingMethodAccessorImpl.invoke(DelegatingMethodAccessorImpl.java:43)
	at java.base/java.lang.reflect.Method.invoke(Method.java:568)
	at org.springframework.aop.support.AopUtils.invokeJoinpointUsingReflection(AopUtils.java:351)
	at org.springframework.aop.framework.ReflectiveMethodInvocation.invokeJoinpoint(ReflectiveMethodInvocation.java:196)
	at org.springframework.aop.framework.ReflectiveMethodInvocation.proceed(ReflectiveMethodInvocation.java:163)
	at org.springframework.aop.framework.CglibAopProxy$CglibMethodInvocation.proceed(CglibAopProxy.java:765)
	at org.springframework.aop.aspectj.AspectJAfterAdvice.invoke(AspectJAfterAdvice.java:49)
	at org.springframework.aop.framework.ReflectiveMethodInvocation.proceed(ReflectiveMethodInvocation.java:184)
	at org.springframework.aop.framework.CglibAopProxy$CglibMethodInvocation.proceed(CglibAopProxy.java:765)
	at org.springframework.aop.framework.adapter.MethodBeforeAdviceInterceptor.invoke(MethodBeforeAdviceInterceptor.java:58)
	at org.springframework.aop.framework.ReflectiveMethodInvocation.proceed(ReflectiveMethodInvocation.java:184)
	at org.springframework.aop.framework.CglibAopProxy$CglibMethodInvocation.proceed(CglibAopProxy.java:765)
	at org.springframework.aop.aspectj.MethodInvocationProceedingJoinPoint.proceed(MethodInvocationProceedingJoinPoint.java:89)
	at edu.mareanexx.aspect.Aspect.logExecutionTime(Aspect.java:33)
	at java.base/jdk.internal.reflect.NativeMethodAccessorImpl.invoke0(Native Method)
	at java.base/jdk.internal.reflect.NativeMethodAccessorImpl.invoke(NativeMethodAccessorImpl.java:77)
	at java.base/jdk.internal.reflect.DelegatingMethodAccessorImpl.invoke(DelegatingMethodAccessorImpl.java:43)
	at java.base/java.lang.reflect.Method.invoke(Method.java:568)
	at org.springframework.aop.aspectj.AbstractAspectJAdvice.invokeAdviceMethodWithGivenArgs(AbstractAspectJAdvice.java:637)
	at org.springframework.aop.aspectj.AbstractAspectJAdvice.invokeAdviceMethod(AbstractAspectJAdvice.java:627)
	at org.springframework.aop.aspectj.AspectJAroundAdvice.invoke(AspectJAroundAdvice.java:71)
	at org.springframework.aop.framework.ReflectiveMethodInvocation.proceed(ReflectiveMethodInvocation.java:184)
	at org.springframework.aop.framework.CglibAopProxy$CglibMethodInvocation.proceed(CglibAopProxy.java:765)
	at org.springframework.aop.interceptor.ExposeInvocationInterceptor.invoke(ExposeInvocationInterceptor.java:97)
	at org.springframework.aop.framework.ReflectiveMethodInvocation.proceed(ReflectiveMethodInvocation.java:184)
	at org.springframework.aop.framework.CglibAopProxy$CglibMethodInvocation.proceed(CglibAopProxy.java:765)
	at org.springframework.aop.interceptor.AsyncExecutionInterceptor.lambda$invoke$0(AsyncExecutionInterceptor.java:113)
	at java.base/java.util.concurrent.FutureTask.run(FutureTask.java:264)
	at java.base/java.util.concurrent.ThreadPoolExecutor.runWorker(ThreadPoolExecutor.java:1136)
	at java.base/java.util.concurrent.ThreadPoolExecutor$Worker.run(ThreadPoolExecutor.java:635)
	at java.base/java.lang.Thread.run(Thread.java:833)
4458 [task-1] INFO  edu.mareanexx.aspect.Aspect
                Ц Finish!
4459 [task-1] INFO  edu.mareanexx.aspect.Aspect
                Ц void edu.mareanexx.services.SchedulerService.backup() takes 3ms
4905 [RMI TCP Connection(2)-26.229.68.153] INFO  o.a.c.c.C.[Tomcat].[localhost].[/]
                Ц Initializing Spring DispatcherServlet 'dispatcherServlet'
4905 [RMI TCP Connection(2)-26.229.68.153] INFO  o.s.web.servlet.DispatcherServlet
                Ц Initializing Servlet 'dispatcherServlet'
4906 [RMI TCP Connection(2)-26.229.68.153] INFO  o.s.web.servlet.DispatcherServlet
                Ц Completed initialization in 1 ms
40052 [SpringApplicationShutdownHook] INFO  o.s.o.j.LocalContainerEntityManagerFactoryBean
                Ц Closing JPA EntityManagerFactory for persistence unit 'default'
40054 [SpringApplicationShutdownHook] INFO  com.zaxxer.hikari.HikariDataSource
                Ц HikariPool-1 - Shutdown initiated...
40062 [SpringApplicationShutdownHook] INFO  com.zaxxer.hikari.HikariDataSource
                Ц HikariPool-1 - Shutdown completed.
1474 [background-preinit] INFO  o.h.validator.internal.util.Version
                Ц HV000001: Hibernate Validator 8.0.1.Final
1603 [main] INFO  edu.mareanexx.Pract22Application
                Ц Starting Pract22Application using Java 17.0.8 with PID 19944 (C:\Users\79815\OneDrive\–абочий стол\ѕрограммна€ инженери€\4 семестр\Ўаблоны программных платформ €зыка ƒжава\JavaPatternMirea\src\practice22\build\classes\java\main started by 79815 in C:\Users\79815\OneDrive\–абочий стол\ѕрограммна€ инженери€\4 семестр\Ўаблоны программных платформ €зыка ƒжава\JavaPatternMirea\src\practice22)
1604 [main] INFO  edu.mareanexx.Pract22Application
                Ц No active profile set, falling back to 1 default profile: "default"
2654 [main] INFO  o.s.d.r.c.RepositoryConfigurationDelegate
                Ц Multiple Spring Data modules found, entering strict repository configuration mode
2655 [main] INFO  o.s.d.r.c.RepositoryConfigurationDelegate
                Ц Bootstrapping Spring Data JDBC repositories in DEFAULT mode.
2678 [main] INFO  o.s.d.r.c.RepositoryConfigurationExtensionSupport
                Ц Spring Data JDBC - Could not safely identify store assignment for repository candidate interface edu.mareanexx.repositories.DepartureRepository; If you want this repository to be a JDBC repository, consider annotating your entities with one of these annotations: org.springframework.data.relational.core.mapping.Table.
2679 [main] INFO  o.s.d.r.c.RepositoryConfigurationExtensionSupport
                Ц Spring Data JDBC - Could not safely identify store assignment for repository candidate interface edu.mareanexx.repositories.PostOfficeRepository; If you want this repository to be a JDBC repository, consider annotating your entities with one of these annotations: org.springframework.data.relational.core.mapping.Table.
2679 [main] INFO  o.s.d.r.c.RepositoryConfigurationDelegate
                Ц Finished Spring Data repository scanning in 20 ms. Found 0 JDBC repository interfaces.
2685 [main] INFO  o.s.d.r.c.RepositoryConfigurationDelegate
                Ц Multiple Spring Data modules found, entering strict repository configuration mode
2686 [main] INFO  o.s.d.r.c.RepositoryConfigurationDelegate
                Ц Bootstrapping Spring Data JPA repositories in DEFAULT mode.
2704 [main] INFO  o.s.d.r.c.RepositoryConfigurationDelegate
                Ц Finished Spring Data repository scanning in 16 ms. Found 2 JPA repository interfaces.
3231 [main] INFO  o.s.b.w.e.tomcat.TomcatWebServer
                Ц Tomcat initialized with port 8080 (http)
3239 [main] INFO  o.a.coyote.http11.Http11NioProtocol
                Ц Initializing ProtocolHandler ["http-nio-8080"]
3240 [main] INFO  o.a.catalina.core.StandardService
                Ц Starting service [Tomcat]
3241 [main] INFO  o.a.catalina.core.StandardEngine
                Ц Starting Servlet engine: [Apache Tomcat/10.1.19]
3289 [main] INFO  o.a.c.c.C.[Tomcat].[localhost].[/]
                Ц Initializing Spring embedded WebApplicationContext
3289 [main] INFO  o.s.b.w.s.c.ServletWebServerApplicationContext
                Ц Root WebApplicationContext: initialization completed in 1598 ms
3508 [main] INFO  o.h.jpa.internal.util.LogHelper
                Ц HHH000204: Processing PersistenceUnitInfo [name: default]
3565 [main] INFO  org.hibernate.Version
                Ц HHH000412: Hibernate ORM core version 6.3.1.Final
3592 [main] INFO  o.h.c.i.RegionFactoryInitiator
                Ц HHH000026: Second-level cache disabled
3787 [main] INFO  o.s.o.j.p.SpringPersistenceUnitInfo
                Ц No LoadTimeWeaver setup: ignoring JPA class transformer
3808 [main] INFO  com.zaxxer.hikari.HikariDataSource
                Ц HikariPool-1 - Starting...
4027 [main] INFO  com.zaxxer.hikari.pool.HikariPool
                Ц HikariPool-1 - Added connection com.mysql.cj.jdbc.ConnectionImpl@6719f206
4029 [main] INFO  com.zaxxer.hikari.HikariDataSource
                Ц HikariPool-1 - Start completed.
4884 [main] INFO  o.h.e.t.j.p.i.JtaPlatformInitiator
                Ц HHH000489: No JTA platform available (set 'hibernate.transaction.jta.platform' to enable JTA platform integration)
4934 [main] INFO  o.s.o.j.LocalContainerEntityManagerFactoryBean
                Ц Initialized JPA EntityManagerFactory for persistence unit 'default'
5218 [main] WARN  o.s.b.a.o.j.JpaBaseConfiguration$JpaWebConfiguration
                Ц spring.jpa.open-in-view is enabled by default. Therefore, database queries may be performed during view rendering. Explicitly configure spring.jpa.open-in-view to disable this warning
5486 [main] WARN  o.s.b.a.t.ThymeleafAutoConfiguration$DefaultTemplateResolverConfiguration
                Ц Cannot find template location: classpath:/templates/ (please add some templates, check your Thymeleaf configuration, or set spring.thymeleaf.check-template-location=false)
5861 [main] INFO  o.s.b.a.e.web.EndpointLinksResolver
                Ц Exposing 1 endpoint(s) beneath base path '/actuator'
5913 [main] INFO  o.a.coyote.http11.Http11NioProtocol
                Ц Starting ProtocolHandler ["http-nio-8080"]
5928 [main] INFO  o.s.b.w.e.tomcat.TomcatWebServer
                Ц Tomcat started on port 8080 (http) with context path ''
5941 [main] INFO  edu.mareanexx.Pract22Application
                Ц Started Pract22Application in 5.636 seconds (process running for 6.459)
5949 [task-1] INFO  edu.mareanexx.aspect.Aspect
                Ц Parameters: {}
5951 [task-1] INFO  edu.mareanexx.aspect.Aspect
                Ц Parameters: {}
5951 [task-1] INFO  e.m.services.PostOfficeService
                Ц Get all post offices: Start
6051 [RMI TCP Connection(9)-26.229.68.153] INFO  o.a.c.c.C.[Tomcat].[localhost].[/]
                Ц Initializing Spring DispatcherServlet 'dispatcherServlet'
6051 [RMI TCP Connection(9)-26.229.68.153] INFO  o.s.web.servlet.DispatcherServlet
                Ц Initializing Servlet 'dispatcherServlet'
6052 [RMI TCP Connection(9)-26.229.68.153] INFO  o.s.web.servlet.DispatcherServlet
                Ц Completed initialization in 1 ms
6090 [task-1] INFO  edu.mareanexx.aspect.Aspect
                Ц Finish!
6092 [task-1] INFO  edu.mareanexx.aspect.Aspect
                Ц List edu.mareanexx.services.PostOfficeService.getPostOfficeList() takes 139ms
6093 [task-1] ERROR e.m.services.SchedulerService
                Ц Failed to backup Postoffices
org.hibernate.LazyInitializationException: failed to lazily initialize a collection of role: edu.mareanexx.models.PostOffice.departures: could not initialize proxy - no Session
	at org.hibernate.collection.spi.AbstractPersistentCollection.throwLazyInitializationException(AbstractPersistentCollection.java:634)
	at org.hibernate.collection.spi.AbstractPersistentCollection.withTemporarySessionIfNeeded(AbstractPersistentCollection.java:217)
	at org.hibernate.collection.spi.AbstractPersistentCollection.initialize(AbstractPersistentCollection.java:613)
	at org.hibernate.collection.spi.AbstractPersistentCollection.read(AbstractPersistentCollection.java:136)
	at org.hibernate.collection.spi.PersistentBag.iterator(PersistentBag.java:371)
	at java.base/java.util.Spliterators$IteratorSpliterator.estimateSize(Spliterators.java:1865)
	at java.base/java.util.Spliterator.getExactSizeIfKnown(Spliterator.java:414)
	at java.base/java.util.stream.AbstractPipeline.copyInto(AbstractPipeline.java:508)
	at java.base/java.util.stream.AbstractPipeline.wrapAndCopyInto(AbstractPipeline.java:499)
	at java.base/java.util.stream.ReduceOps$ReduceOp.evaluateSequential(ReduceOps.java:921)
	at java.base/java.util.stream.AbstractPipeline.evaluate(AbstractPipeline.java:234)
	at java.base/java.util.stream.ReferencePipeline.collect(ReferencePipeline.java:682)
	at edu.mareanexx.mapper.Mapper.mapToDTO(Mapper.java:21)
	at edu.mareanexx.services.SchedulerService.backupPostOffices(SchedulerService.java:57)
	at edu.mareanexx.services.SchedulerService.backup(SchedulerService.java:33)
	at java.base/jdk.internal.reflect.NativeMethodAccessorImpl.invoke0(Native Method)
	at java.base/jdk.internal.reflect.NativeMethodAccessorImpl.invoke(NativeMethodAccessorImpl.java:77)
	at java.base/jdk.internal.reflect.DelegatingMethodAccessorImpl.invoke(DelegatingMethodAccessorImpl.java:43)
	at java.base/java.lang.reflect.Method.invoke(Method.java:568)
	at org.springframework.aop.support.AopUtils.invokeJoinpointUsingReflection(AopUtils.java:351)
	at org.springframework.aop.framework.ReflectiveMethodInvocation.invokeJoinpoint(ReflectiveMethodInvocation.java:196)
	at org.springframework.aop.framework.ReflectiveMethodInvocation.proceed(ReflectiveMethodInvocation.java:163)
	at org.springframework.aop.framework.CglibAopProxy$CglibMethodInvocation.proceed(CglibAopProxy.java:765)
	at org.springframework.aop.aspectj.AspectJAfterAdvice.invoke(AspectJAfterAdvice.java:49)
	at org.springframework.aop.framework.ReflectiveMethodInvocation.proceed(ReflectiveMethodInvocation.java:184)
	at org.springframework.aop.framework.CglibAopProxy$CglibMethodInvocation.proceed(CglibAopProxy.java:765)
	at org.springframework.aop.framework.adapter.MethodBeforeAdviceInterceptor.invoke(MethodBeforeAdviceInterceptor.java:58)
	at org.springframework.aop.framework.ReflectiveMethodInvocation.proceed(ReflectiveMethodInvocation.java:184)
	at org.springframework.aop.framework.CglibAopProxy$CglibMethodInvocation.proceed(CglibAopProxy.java:765)
	at org.springframework.aop.aspectj.MethodInvocationProceedingJoinPoint.proceed(MethodInvocationProceedingJoinPoint.java:89)
	at edu.mareanexx.aspect.Aspect.logExecutionTime(Aspect.java:33)
	at java.base/jdk.internal.reflect.NativeMethodAccessorImpl.invoke0(Native Method)
	at java.base/jdk.internal.reflect.NativeMethodAccessorImpl.invoke(NativeMethodAccessorImpl.java:77)
	at java.base/jdk.internal.reflect.DelegatingMethodAccessorImpl.invoke(DelegatingMethodAccessorImpl.java:43)
	at java.base/java.lang.reflect.Method.invoke(Method.java:568)
	at org.springframework.aop.aspectj.AbstractAspectJAdvice.invokeAdviceMethodWithGivenArgs(AbstractAspectJAdvice.java:637)
	at org.springframework.aop.aspectj.AbstractAspectJAdvice.invokeAdviceMethod(AbstractAspectJAdvice.java:627)
	at org.springframework.aop.aspectj.AspectJAroundAdvice.invoke(AspectJAroundAdvice.java:71)
	at org.springframework.aop.framework.ReflectiveMethodInvocation.proceed(ReflectiveMethodInvocation.java:184)
	at org.springframework.aop.framework.CglibAopProxy$CglibMethodInvocation.proceed(CglibAopProxy.java:765)
	at org.springframework.aop.interceptor.ExposeInvocationInterceptor.invoke(ExposeInvocationInterceptor.java:97)
	at org.springframework.aop.framework.ReflectiveMethodInvocation.proceed(ReflectiveMethodInvocation.java:184)
	at org.springframework.aop.framework.CglibAopProxy$CglibMethodInvocation.proceed(CglibAopProxy.java:765)
	at org.springframework.aop.interceptor.AsyncExecutionInterceptor.lambda$invoke$0(AsyncExecutionInterceptor.java:113)
	at java.base/java.util.concurrent.FutureTask.run(FutureTask.java:264)
	at java.base/java.util.concurrent.ThreadPoolExecutor.runWorker(ThreadPoolExecutor.java:1136)
	at java.base/java.util.concurrent.ThreadPoolExecutor$Worker.run(ThreadPoolExecutor.java:635)
	at java.base/java.lang.Thread.run(Thread.java:833)
6096 [task-1] INFO  edu.mareanexx.aspect.Aspect
                Ц Parameters: {}
6096 [task-1] INFO  e.m.services.DepartureService
                Ц Get all departures: Start
6117 [task-1] INFO  edu.mareanexx.aspect.Aspect
                Ц Finish!
6117 [task-1] INFO  edu.mareanexx.aspect.Aspect
                Ц List edu.mareanexx.services.DepartureService.getDepartureList() takes 21ms
6118 [task-1] INFO  e.m.services.SchedulerService
                Ц Departure backup complete!
6118 [task-1] INFO  edu.mareanexx.aspect.Aspect
                Ц Finish!
6118 [task-1] INFO  edu.mareanexx.aspect.Aspect
                Ц void edu.mareanexx.services.SchedulerService.backup() takes 169ms
41668 [SpringApplicationShutdownHook] INFO  o.s.o.j.LocalContainerEntityManagerFactoryBean
                Ц Closing JPA EntityManagerFactory for persistence unit 'default'
41670 [SpringApplicationShutdownHook] INFO  com.zaxxer.hikari.HikariDataSource
                Ц HikariPool-1 - Shutdown initiated...
41682 [SpringApplicationShutdownHook] INFO  com.zaxxer.hikari.HikariDataSource
                Ц HikariPool-1 - Shutdown completed.
492  [background-preinit] INFO  o.h.validator.internal.util.Version
                Ц HV000001: Hibernate Validator 8.0.1.Final
561  [main] INFO  edu.mareanexx.Pract22Application
                Ц Starting Pract22Application using Java 17.0.8 with PID 16920 (C:\Users\79815\OneDrive\–абочий стол\ѕрограммна€ инженери€\4 семестр\Ўаблоны программных платформ €зыка ƒжава\JavaPatternMirea\src\practice22\build\classes\java\main started by 79815 in C:\Users\79815\OneDrive\–абочий стол\ѕрограммна€ инженери€\4 семестр\Ўаблоны программных платформ €зыка ƒжава\JavaPatternMirea\src\practice22)
563  [main] INFO  edu.mareanexx.Pract22Application
                Ц No active profile set, falling back to 1 default profile: "default"
1241 [main] INFO  o.s.d.r.c.RepositoryConfigurationDelegate
                Ц Multiple Spring Data modules found, entering strict repository configuration mode
1242 [main] INFO  o.s.d.r.c.RepositoryConfigurationDelegate
                Ц Bootstrapping Spring Data JDBC repositories in DEFAULT mode.
1264 [main] INFO  o.s.d.r.c.RepositoryConfigurationExtensionSupport
                Ц Spring Data JDBC - Could not safely identify store assignment for repository candidate interface edu.mareanexx.repositories.DepartureRepository; If you want this repository to be a JDBC repository, consider annotating your entities with one of these annotations: org.springframework.data.relational.core.mapping.Table.
1264 [main] INFO  o.s.d.r.c.RepositoryConfigurationExtensionSupport
                Ц Spring Data JDBC - Could not safely identify store assignment for repository candidate interface edu.mareanexx.repositories.PostOfficeRepository; If you want this repository to be a JDBC repository, consider annotating your entities with one of these annotations: org.springframework.data.relational.core.mapping.Table.
1265 [main] INFO  o.s.d.r.c.RepositoryConfigurationDelegate
                Ц Finished Spring Data repository scanning in 19 ms. Found 0 JDBC repository interfaces.
1270 [main] INFO  o.s.d.r.c.RepositoryConfigurationDelegate
                Ц Multiple Spring Data modules found, entering strict repository configuration mode
1271 [main] INFO  o.s.d.r.c.RepositoryConfigurationDelegate
                Ц Bootstrapping Spring Data JPA repositories in DEFAULT mode.
1290 [main] INFO  o.s.d.r.c.RepositoryConfigurationDelegate
                Ц Finished Spring Data repository scanning in 16 ms. Found 2 JPA repository interfaces.
1780 [main] INFO  o.s.b.w.e.tomcat.TomcatWebServer
                Ц Tomcat initialized with port 8080 (http)
1788 [main] INFO  o.a.coyote.http11.Http11NioProtocol
                Ц Initializing ProtocolHandler ["http-nio-8080"]
1790 [main] INFO  o.a.catalina.core.StandardService
                Ц Starting service [Tomcat]
1790 [main] INFO  o.a.catalina.core.StandardEngine
                Ц Starting Servlet engine: [Apache Tomcat/10.1.19]
1833 [main] INFO  o.a.c.c.C.[Tomcat].[localhost].[/]
                Ц Initializing Spring embedded WebApplicationContext
1833 [main] INFO  o.s.b.w.s.c.ServletWebServerApplicationContext
                Ц Root WebApplicationContext: initialization completed in 1206 ms
2040 [main] INFO  o.h.jpa.internal.util.LogHelper
                Ц HHH000204: Processing PersistenceUnitInfo [name: default]
2083 [main] INFO  org.hibernate.Version
                Ц HHH000412: Hibernate ORM core version 6.3.1.Final
2111 [main] INFO  o.h.c.i.RegionFactoryInitiator
                Ц HHH000026: Second-level cache disabled
2287 [main] INFO  o.s.o.j.p.SpringPersistenceUnitInfo
                Ц No LoadTimeWeaver setup: ignoring JPA class transformer
2308 [main] INFO  com.zaxxer.hikari.HikariDataSource
                Ц HikariPool-1 - Starting...
2521 [main] INFO  com.zaxxer.hikari.pool.HikariPool
                Ц HikariPool-1 - Added connection com.mysql.cj.jdbc.ConnectionImpl@6719f206
2523 [main] INFO  com.zaxxer.hikari.HikariDataSource
                Ц HikariPool-1 - Start completed.
3249 [main] INFO  o.h.e.t.j.p.i.JtaPlatformInitiator
                Ц HHH000489: No JTA platform available (set 'hibernate.transaction.jta.platform' to enable JTA platform integration)
3296 [main] INFO  o.s.o.j.LocalContainerEntityManagerFactoryBean
                Ц Initialized JPA EntityManagerFactory for persistence unit 'default'
3577 [main] WARN  o.s.b.a.o.j.JpaBaseConfiguration$JpaWebConfiguration
                Ц spring.jpa.open-in-view is enabled by default. Therefore, database queries may be performed during view rendering. Explicitly configure spring.jpa.open-in-view to disable this warning
3829 [main] WARN  o.s.b.a.t.ThymeleafAutoConfiguration$DefaultTemplateResolverConfiguration
                Ц Cannot find template location: classpath:/templates/ (please add some templates, check your Thymeleaf configuration, or set spring.thymeleaf.check-template-location=false)
4184 [main] INFO  o.s.b.a.e.web.EndpointLinksResolver
                Ц Exposing 1 endpoint(s) beneath base path '/actuator'
4232 [main] INFO  o.a.coyote.http11.Http11NioProtocol
                Ц Starting ProtocolHandler ["http-nio-8080"]
4246 [main] INFO  o.s.b.w.e.tomcat.TomcatWebServer
                Ц Tomcat started on port 8080 (http) with context path ''
4258 [main] INFO  edu.mareanexx.Pract22Application
                Ц Started Pract22Application in 3.998 seconds (process running for 4.61)
4267 [task-1] INFO  edu.mareanexx.aspect.Aspect
                Ц Parameters: {}
4268 [task-1] INFO  edu.mareanexx.aspect.Aspect
                Ц Parameters: {}
4268 [task-1] INFO  e.m.services.PostOfficeService
                Ц Get all post offices: Start
4417 [task-1] INFO  edu.mareanexx.aspect.Aspect
                Ц Finish!
4418 [RMI TCP Connection(5)-26.229.68.153] INFO  o.a.c.c.C.[Tomcat].[localhost].[/]
                Ц Initializing Spring DispatcherServlet 'dispatcherServlet'
4419 [RMI TCP Connection(5)-26.229.68.153] INFO  o.s.web.servlet.DispatcherServlet
                Ц Initializing Servlet 'dispatcherServlet'
4419 [task-1] INFO  edu.mareanexx.aspect.Aspect
                Ц List edu.mareanexx.services.PostOfficeService.getPostOfficeList() takes 149ms
4419 [task-1] INFO  e.m.services.SchedulerService
                Ц PostOffice backup complete!
4419 [RMI TCP Connection(5)-26.229.68.153] INFO  o.s.web.servlet.DispatcherServlet
                Ц Completed initialization in 0 ms
4420 [task-1] INFO  edu.mareanexx.aspect.Aspect
                Ц Parameters: {}
4420 [task-1] INFO  e.m.services.DepartureService
                Ц Get all departures: Start
4440 [task-1] INFO  edu.mareanexx.aspect.Aspect
                Ц Finish!
4440 [task-1] INFO  edu.mareanexx.aspect.Aspect
                Ц List edu.mareanexx.services.DepartureService.getDepartureList() takes 20ms
4441 [task-1] INFO  e.m.services.SchedulerService
                Ц Departure backup complete!
4441 [task-1] INFO  edu.mareanexx.aspect.Aspect
                Ц Finish!
4441 [task-1] INFO  edu.mareanexx.aspect.Aspect
                Ц void edu.mareanexx.services.SchedulerService.backup() takes 174ms
81477 [SpringApplicationShutdownHook] INFO  o.s.o.j.LocalContainerEntityManagerFactoryBean
                Ц Closing JPA EntityManagerFactory for persistence unit 'default'
81479 [SpringApplicationShutdownHook] INFO  com.zaxxer.hikari.HikariDataSource
                Ц HikariPool-1 - Shutdown initiated...
81487 [SpringApplicationShutdownHook] INFO  com.zaxxer.hikari.HikariDataSource
                Ц HikariPool-1 - Shutdown completed.
467  [background-preinit] INFO  o.h.validator.internal.util.Version
                Ц HV000001: Hibernate Validator 8.0.1.Final
517  [main] INFO  edu.mareanexx.Pract22Application
                Ц Starting Pract22Application using Java 17.0.8 with PID 26688 (C:\Users\79815\OneDrive\–абочий стол\ѕрограммна€ инженери€\4 семестр\Ўаблоны программных платформ €зыка ƒжава\JavaPatternMirea\src\practice22\build\classes\java\main started by 79815 in C:\Users\79815\OneDrive\–абочий стол\ѕрограммна€ инженери€\4 семестр\Ўаблоны программных платформ €зыка ƒжава\JavaPatternMirea\src\practice22)
518  [main] INFO  edu.mareanexx.Pract22Application
                Ц No active profile set, falling back to 1 default profile: "default"
1199 [main] INFO  o.s.d.r.c.RepositoryConfigurationDelegate
                Ц Multiple Spring Data modules found, entering strict repository configuration mode
1200 [main] INFO  o.s.d.r.c.RepositoryConfigurationDelegate
                Ц Bootstrapping Spring Data JDBC repositories in DEFAULT mode.
1221 [main] INFO  o.s.d.r.c.RepositoryConfigurationExtensionSupport
                Ц Spring Data JDBC - Could not safely identify store assignment for repository candidate interface edu.mareanexx.repositories.DepartureRepository; If you want this repository to be a JDBC repository, consider annotating your entities with one of these annotations: org.springframework.data.relational.core.mapping.Table.
1222 [main] INFO  o.s.d.r.c.RepositoryConfigurationExtensionSupport
                Ц Spring Data JDBC - Could not safely identify store assignment for repository candidate interface edu.mareanexx.repositories.PostOfficeRepository; If you want this repository to be a JDBC repository, consider annotating your entities with one of these annotations: org.springframework.data.relational.core.mapping.Table.
1222 [main] INFO  o.s.d.r.c.RepositoryConfigurationDelegate
                Ц Finished Spring Data repository scanning in 19 ms. Found 0 JDBC repository interfaces.
1228 [main] INFO  o.s.d.r.c.RepositoryConfigurationDelegate
                Ц Multiple Spring Data modules found, entering strict repository configuration mode
1229 [main] INFO  o.s.d.r.c.RepositoryConfigurationDelegate
                Ц Bootstrapping Spring Data JPA repositories in DEFAULT mode.
1248 [main] INFO  o.s.d.r.c.RepositoryConfigurationDelegate
                Ц Finished Spring Data repository scanning in 16 ms. Found 2 JPA repository interfaces.
1774 [main] INFO  o.s.b.w.e.tomcat.TomcatWebServer
                Ц Tomcat initialized with port 8080 (http)
1781 [main] INFO  o.a.coyote.http11.Http11NioProtocol
                Ц Initializing ProtocolHandler ["http-nio-8080"]
1784 [main] INFO  o.a.catalina.core.StandardService
                Ц Starting service [Tomcat]
1784 [main] INFO  o.a.catalina.core.StandardEngine
                Ц Starting Servlet engine: [Apache Tomcat/10.1.19]
1826 [main] INFO  o.a.c.c.C.[Tomcat].[localhost].[/]
                Ц Initializing Spring embedded WebApplicationContext
1826 [main] INFO  o.s.b.w.s.c.ServletWebServerApplicationContext
                Ц Root WebApplicationContext: initialization completed in 1267 ms
2058 [main] INFO  o.h.jpa.internal.util.LogHelper
                Ц HHH000204: Processing PersistenceUnitInfo [name: default]
2112 [main] INFO  org.hibernate.Version
                Ц HHH000412: Hibernate ORM core version 6.3.1.Final
2150 [main] INFO  o.h.c.i.RegionFactoryInitiator
                Ц HHH000026: Second-level cache disabled
2345 [main] INFO  o.s.o.j.p.SpringPersistenceUnitInfo
                Ц No LoadTimeWeaver setup: ignoring JPA class transformer
2365 [main] INFO  com.zaxxer.hikari.HikariDataSource
                Ц HikariPool-1 - Starting...
2579 [main] INFO  com.zaxxer.hikari.pool.HikariPool
                Ц HikariPool-1 - Added connection com.mysql.cj.jdbc.ConnectionImpl@67f266bd
2581 [main] INFO  com.zaxxer.hikari.HikariDataSource
                Ц HikariPool-1 - Start completed.
3350 [main] INFO  o.h.e.t.j.p.i.JtaPlatformInitiator
                Ц HHH000489: No JTA platform available (set 'hibernate.transaction.jta.platform' to enable JTA platform integration)
3401 [main] INFO  o.s.o.j.LocalContainerEntityManagerFactoryBean
                Ц Initialized JPA EntityManagerFactory for persistence unit 'default'
3692 [main] WARN  o.s.b.a.o.j.JpaBaseConfiguration$JpaWebConfiguration
                Ц spring.jpa.open-in-view is enabled by default. Therefore, database queries may be performed during view rendering. Explicitly configure spring.jpa.open-in-view to disable this warning
3958 [main] WARN  o.s.b.a.t.ThymeleafAutoConfiguration$DefaultTemplateResolverConfiguration
                Ц Cannot find template location: classpath:/templates/ (please add some templates, check your Thymeleaf configuration, or set spring.thymeleaf.check-template-location=false)
4351 [main] INFO  o.s.b.a.e.web.EndpointLinksResolver
                Ц Exposing 1 endpoint(s) beneath base path '/actuator'
4398 [main] INFO  o.a.coyote.http11.Http11NioProtocol
                Ц Starting ProtocolHandler ["http-nio-8080"]
4411 [main] INFO  o.s.b.w.e.tomcat.TomcatWebServer
                Ц Tomcat started on port 8080 (http) with context path ''
4423 [main] INFO  edu.mareanexx.Pract22Application
                Ц Started Pract22Application in 4.192 seconds (process running for 4.823)
4432 [task-1] INFO  edu.mareanexx.aspect.Aspect
                Ц Parameters: {}
4434 [task-1] INFO  edu.mareanexx.aspect.Aspect
                Ц Parameters: {}
4434 [task-1] INFO  e.m.services.PostOfficeService
                Ц Get all post offices: Start
4552 [task-1] INFO  edu.mareanexx.aspect.Aspect
                Ц Finish!
4553 [task-1] INFO  edu.mareanexx.aspect.Aspect
                Ц List edu.mareanexx.services.PostOfficeService.getPostOfficeList() takes 118ms
4554 [task-1] INFO  e.m.services.SchedulerService
                Ц PostOffice backup complete!
4555 [task-1] INFO  edu.mareanexx.aspect.Aspect
                Ц Parameters: {}
4555 [task-1] INFO  e.m.services.DepartureService
                Ц Get all departures: Start
4569 [task-1] INFO  edu.mareanexx.aspect.Aspect
                Ц Finish!
4569 [task-1] INFO  edu.mareanexx.aspect.Aspect
                Ц List edu.mareanexx.services.DepartureService.getDepartureList() takes 14ms
4570 [task-1] INFO  e.m.services.SchedulerService
                Ц Departure backup complete!
4570 [task-1] INFO  edu.mareanexx.aspect.Aspect
                Ц Finish!
4570 [task-1] INFO  edu.mareanexx.aspect.Aspect
                Ц void edu.mareanexx.services.SchedulerService.backup() takes 138ms
4945 [RMI TCP Connection(2)-26.229.68.153] INFO  o.a.c.c.C.[Tomcat].[localhost].[/]
                Ц Initializing Spring DispatcherServlet 'dispatcherServlet'
4945 [RMI TCP Connection(2)-26.229.68.153] INFO  o.s.web.servlet.DispatcherServlet
                Ц Initializing Servlet 'dispatcherServlet'
4946 [RMI TCP Connection(2)-26.229.68.153] INFO  o.s.web.servlet.DispatcherServlet
                Ц Completed initialization in 1 ms
9663 [SpringApplicationShutdownHook] INFO  o.s.o.j.LocalContainerEntityManagerFactoryBean
                Ц Closing JPA EntityManagerFactory for persistence unit 'default'
9665 [SpringApplicationShutdownHook] INFO  com.zaxxer.hikari.HikariDataSource
                Ц HikariPool-1 - Shutdown initiated...
9672 [SpringApplicationShutdownHook] INFO  com.zaxxer.hikari.HikariDataSource
                Ц HikariPool-1 - Shutdown completed.
