635  [background-preinit] INFO  o.h.validator.internal.util.Version
                Ц HV000001: Hibernate Validator 8.0.1.Final
758  [main] INFO  edu.mareanexx.Pract20Application
                Ц Starting Pract20Application using Java 17.0.8 with PID 26344 (C:\Users\79815\OneDrive\–абочий стол\ѕрограммна€ инженери€\4 семестр\Ўаблоны программных платформ €зыка ƒжава\JavaPatternMirea\src\practice20\build\classes\java\main started by 79815 in C:\Users\79815\OneDrive\–абочий стол\ѕрограммна€ инженери€\4 семестр\Ўаблоны программных платформ €зыка ƒжава\JavaPatternMirea\src\practice20)
759  [main] INFO  edu.mareanexx.Pract20Application
                Ц No active profile set, falling back to 1 default profile: "default"
2210 [main] INFO  o.s.d.r.c.RepositoryConfigurationDelegate
                Ц Multiple Spring Data modules found, entering strict repository configuration mode
2211 [main] INFO  o.s.d.r.c.RepositoryConfigurationDelegate
                Ц Bootstrapping Spring Data JDBC repositories in DEFAULT mode.
2237 [main] INFO  o.s.d.r.c.RepositoryConfigurationExtensionSupport
                Ц Spring Data JDBC - Could not safely identify store assignment for repository candidate interface edu.mareanexx.repositories.DepartureRepository; If you want this repository to be a JDBC repository, consider annotating your entities with one of these annotations: org.springframework.data.relational.core.mapping.Table.
2238 [main] INFO  o.s.d.r.c.RepositoryConfigurationExtensionSupport
                Ц Spring Data JDBC - Could not safely identify store assignment for repository candidate interface edu.mareanexx.repositories.PostOfficeRepository; If you want this repository to be a JDBC repository, consider annotating your entities with one of these annotations: org.springframework.data.relational.core.mapping.Table.
2238 [main] INFO  o.s.d.r.c.RepositoryConfigurationDelegate
                Ц Finished Spring Data repository scanning in 22 ms. Found 0 JDBC repository interfaces.
2245 [main] INFO  o.s.d.r.c.RepositoryConfigurationDelegate
                Ц Multiple Spring Data modules found, entering strict repository configuration mode
2246 [main] INFO  o.s.d.r.c.RepositoryConfigurationDelegate
                Ц Bootstrapping Spring Data JPA repositories in DEFAULT mode.
2277 [main] INFO  o.s.d.r.c.RepositoryConfigurationDelegate
                Ц Finished Spring Data repository scanning in 24 ms. Found 2 JPA repository interfaces.
2983 [main] INFO  o.s.b.w.e.tomcat.TomcatWebServer
                Ц Tomcat initialized with port 8080 (http)
2991 [main] INFO  o.a.coyote.http11.Http11NioProtocol
                Ц Initializing ProtocolHandler ["http-nio-8080"]
2992 [main] INFO  o.a.catalina.core.StandardService
                Ц Starting service [Tomcat]
2992 [main] INFO  o.a.catalina.core.StandardEngine
                Ц Starting Servlet engine: [Apache Tomcat/10.1.19]
3038 [main] INFO  o.a.c.c.C.[Tomcat].[localhost].[/]
                Ц Initializing Spring embedded WebApplicationContext
3038 [main] INFO  o.s.b.w.s.c.ServletWebServerApplicationContext
                Ц Root WebApplicationContext: initialization completed in 2089 ms
3252 [main] INFO  o.h.jpa.internal.util.LogHelper
                Ц HHH000204: Processing PersistenceUnitInfo [name: default]
3295 [main] INFO  org.hibernate.Version
                Ц HHH000412: Hibernate ORM core version 6.3.1.Final
3325 [main] INFO  o.h.c.i.RegionFactoryInitiator
                Ц HHH000026: Second-level cache disabled
3507 [main] INFO  o.s.o.j.p.SpringPersistenceUnitInfo
                Ц No LoadTimeWeaver setup: ignoring JPA class transformer
3527 [main] INFO  com.zaxxer.hikari.HikariDataSource
                Ц HikariPool-1 - Starting...
3748 [main] INFO  com.zaxxer.hikari.pool.HikariPool
                Ц HikariPool-1 - Added connection com.mysql.cj.jdbc.ConnectionImpl@575c23f1
3750 [main] INFO  com.zaxxer.hikari.HikariDataSource
                Ц HikariPool-1 - Start completed.
4474 [main] INFO  o.h.e.t.j.p.i.JtaPlatformInitiator
                Ц HHH000489: No JTA platform available (set 'hibernate.transaction.jta.platform' to enable JTA platform integration)
4523 [main] INFO  o.s.o.j.LocalContainerEntityManagerFactoryBean
                Ц Initialized JPA EntityManagerFactory for persistence unit 'default'
4788 [main] WARN  o.s.b.a.o.j.JpaBaseConfiguration$JpaWebConfiguration
                Ц spring.jpa.open-in-view is enabled by default. Therefore, database queries may be performed during view rendering. Explicitly configure spring.jpa.open-in-view to disable this warning
5030 [main] WARN  o.s.b.a.t.ThymeleafAutoConfiguration$DefaultTemplateResolverConfiguration
                Ц Cannot find template location: classpath:/templates/ (please add some templates, check your Thymeleaf configuration, or set spring.thymeleaf.check-template-location=false)
5385 [main] INFO  o.s.b.a.e.web.EndpointLinksResolver
                Ц Exposing 1 endpoint(s) beneath base path '/actuator'
5431 [main] INFO  o.a.coyote.http11.Http11NioProtocol
                Ц Starting ProtocolHandler ["http-nio-8080"]
5444 [main] INFO  o.s.b.w.e.tomcat.TomcatWebServer
                Ц Tomcat started on port 8080 (http) with context path ''
5455 [main] INFO  edu.mareanexx.Pract20Application
                Ц Started Pract20Application in 5.154 seconds (process running for 5.912)
5830 [RMI TCP Connection(8)-26.229.68.153] INFO  o.a.c.c.C.[Tomcat].[localhost].[/]
                Ц Initializing Spring DispatcherServlet 'dispatcherServlet'
5830 [RMI TCP Connection(8)-26.229.68.153] INFO  o.s.web.servlet.DispatcherServlet
                Ц Initializing Servlet 'dispatcherServlet'
5831 [RMI TCP Connection(8)-26.229.68.153] INFO  o.s.web.servlet.DispatcherServlet
                Ц Completed initialization in 1 ms
9543 [http-nio-8080-exec-2] INFO  edu.mareanexx.aspect.Aspect
                Ц Parameters: {}
9543 [http-nio-8080-exec-2] INFO  e.m.services.PostOfficeService
                Ц Get all post offices: Start
9670 [http-nio-8080-exec-2] INFO  edu.mareanexx.aspect.Aspect
                Ц Finish!
9671 [http-nio-8080-exec-2] INFO  edu.mareanexx.aspect.Aspect
                Ц List edu.mareanexx.services.PostOfficeService.getPostOfficeList() takes 127ms
16167 [SpringApplicationShutdownHook] INFO  o.s.o.j.LocalContainerEntityManagerFactoryBean
                Ц Closing JPA EntityManagerFactory for persistence unit 'default'
16169 [SpringApplicationShutdownHook] INFO  com.zaxxer.hikari.HikariDataSource
                Ц HikariPool-1 - Shutdown initiated...
16178 [SpringApplicationShutdownHook] INFO  com.zaxxer.hikari.HikariDataSource
                Ц HikariPool-1 - Shutdown completed.
